{"/home/ubuntu/openhands-mobile-app/App.tsx": {"path":"/home/ubuntu/openhands-mobile-app/App.tsx","statementMap":{"0":{"start":{"line":9,"column":12},"end":{"line":19,"column":1}},"1":{"start":{"line":10,"column":2},"end":{"line":18,"column":4}}},"fnMap":{"0":{"name":"(anonymous_0)","decl":{"start":{"line":9,"column":12},"end":{"line":9,"column":13}},"loc":{"start":{"line":9,"column":18},"end":{"line":19,"column":1}},"line":9}},"branchMap":{},"s":{"0":0,"1":0},"f":{"0":0},"b":{}}
,"/home/ubuntu/openhands-mobile-app/index.ts": {"path":"/home/ubuntu/openhands-mobile-app/index.ts","statementMap":{"0":{"start":{"line":8,"column":0},"end":{"line":8,"column":27}}},"fnMap":{},"branchMap":{},"s":{"0":0},"f":{},"b":{}}
,"/home/ubuntu/openhands-mobile-app/src/api/client.ts": {"path":"/home/ubuntu/openhands-mobile-app/src/api/client.ts","statementMap":{"0":{"start":{"line":6,"column":26},"end":{"line":6,"column":51}},"1":{"start":{"line":9,"column":38},"end":{"line":9,"column":42}},"2":{"start":{"line":16,"column":35},"end":{"line":41,"column":1}},"3":{"start":{"line":18,"column":2},"end":{"line":18,"column":76}},"4":{"start":{"line":21,"column":2},"end":{"line":28,"column":5}},"5":{"start":{"line":31,"column":2},"end":{"line":38,"column":4}},"6":{"start":{"line":32,"column":16},"end":{"line":32,"column":24}},"7":{"start":{"line":35,"column":6},"end":{"line":35,"column":41}},"8":{"start":{"line":36,"column":6},"end":{"line":36,"column":35}},"9":{"start":{"line":40,"column":2},"end":{"line":40,"column":19}},"10":{"start":{"line":47,"column":31},"end":{"line":57,"column":1}},"11":{"start":{"line":48,"column":20},"end":{"line":48,"column":69}},"12":{"start":{"line":49,"column":2},"end":{"line":49,"column":30}},"13":{"start":{"line":49,"column":18},"end":{"line":49,"column":30}},"14":{"start":{"line":51,"column":2},"end":{"line":56,"column":3}},"15":{"start":{"line":52,"column":4},"end":{"line":52,"column":49}},"16":{"start":{"line":54,"column":4},"end":{"line":54,"column":59}},"17":{"start":{"line":55,"column":4},"end":{"line":55,"column":16}},"18":{"start":{"line":63,"column":28},"end":{"line":72,"column":1}},"19":{"start":{"line":64,"column":2},"end":{"line":64,"column":34}},"20":{"start":{"line":64,"column":17},"end":{"line":64,"column":34}},"21":{"start":{"line":66,"column":17},"end":{"line":66,"column":40}},"22":{"start":{"line":67,"column":2},"end":{"line":69,"column":3}},"23":{"start":{"line":68,"column":4},"end":{"line":68,"column":54}},"24":{"start":{"line":71,"column":2},"end":{"line":71,"column":37}},"25":{"start":{"line":79,"column":36},"end":{"line":87,"column":1}},"26":{"start":{"line":80,"column":2},"end":{"line":86,"column":3}},"27":{"start":{"line":81,"column":21},"end":{"line":81,"column":65}},"28":{"start":{"line":82,"column":4},"end":{"line":82,"column":35}},"29":{"start":{"line":84,"column":4},"end":{"line":84,"column":59}},"30":{"start":{"line":85,"column":4},"end":{"line":85,"column":17}}},"fnMap":{"0":{"name":"(anonymous_0)","decl":{"start":{"line":16,"column":35},"end":{"line":16,"column":36}},"loc":{"start":{"line":16,"column":91},"end":{"line":41,"column":1}},"line":16},"1":{"name":"(anonymous_1)","decl":{"start":{"line":32,"column":4},"end":{"line":32,"column":5}},"loc":{"start":{"line":32,"column":16},"end":{"line":32,"column":24}},"line":32},"2":{"name":"(anonymous_2)","decl":{"start":{"line":33,"column":4},"end":{"line":33,"column":5}},"loc":{"start":{"line":33,"column":13},"end":{"line":37,"column":5}},"line":33},"3":{"name":"(anonymous_3)","decl":{"start":{"line":47,"column":31},"end":{"line":47,"column":32}},"loc":{"start":{"line":47,"column":73},"end":{"line":57,"column":1}},"line":47},"4":{"name":"(anonymous_4)","decl":{"start":{"line":63,"column":28},"end":{"line":63,"column":29}},"loc":{"start":{"line":63,"column":64},"end":{"line":72,"column":1}},"line":63},"5":{"name":"(anonymous_5)","decl":{"start":{"line":79,"column":36},"end":{"line":79,"column":37}},"loc":{"start":{"line":79,"column":77},"end":{"line":87,"column":1}},"line":79}},"branchMap":{"0":{"loc":{"start":{"line":25,"column":10},"end":{"line":25,"column":75}},"type":"cond-expr","locations":[{"start":{"line":25,"column":25},"end":{"line":25,"column":70}},{"start":{"line":25,"column":73},"end":{"line":25,"column":75}}],"line":25},"1":{"loc":{"start":{"line":49,"column":2},"end":{"line":49,"column":30}},"type":"if","locations":[{"start":{"line":49,"column":2},"end":{"line":49,"column":30}},{"start":{},"end":{}}],"line":49},"2":{"loc":{"start":{"line":64,"column":2},"end":{"line":64,"column":34}},"type":"if","locations":[{"start":{"line":64,"column":2},"end":{"line":64,"column":34}},{"start":{},"end":{}}],"line":64},"3":{"loc":{"start":{"line":67,"column":2},"end":{"line":69,"column":3}},"type":"if","locations":[{"start":{"line":67,"column":2},"end":{"line":69,"column":3}},{"start":{},"end":{}}],"line":67}},"s":{"0":0,"1":0,"2":0,"3":0,"4":0,"5":0,"6":0,"7":0,"8":0,"9":0,"10":0,"11":0,"12":0,"13":0,"14":0,"15":0,"16":0,"17":0,"18":0,"19":0,"20":0,"21":0,"22":0,"23":0,"24":0,"25":0,"26":0,"27":0,"28":0,"29":0,"30":0},"f":{"0":0,"1":0,"2":0,"3":0,"4":0,"5":0},"b":{"0":[0,0],"1":[0,0],"2":[0,0],"3":[0,0]}}
,"/home/ubuntu/openhands-mobile-app/src/api/types.ts": {"path":"/home/ubuntu/openhands-mobile-app/src/api/types.ts","statementMap":{},"fnMap":{},"branchMap":{},"s":{},"f":{},"b":{}}
,"/home/ubuntu/openhands-mobile-app/src/components/ChatInput.tsx": {"path":"/home/ubuntu/openhands-mobile-app/src/components/ChatInput.tsx","statementMap":{"0":{"start":{"line":12,"column":44},"end":{"line":129,"column":1}},"1":{"start":{"line":13,"column":32},"end":{"line":13,"column":44}},"2":{"start":{"line":14,"column":40},"end":{"line":14,"column":55}},"3":{"start":{"line":15,"column":36},"end":{"line":15,"column":74}},"4":{"start":{"line":18,"column":21},"end":{"line":23,"column":3}},"5":{"start":{"line":19,"column":4},"end":{"line":19,"column":38}},"6":{"start":{"line":19,"column":31},"end":{"line":19,"column":38}},"7":{"start":{"line":21,"column":4},"end":{"line":21,"column":27}},"8":{"start":{"line":22,"column":4},"end":{"line":22,"column":19}},"9":{"start":{"line":26,"column":25},"end":{"line":50,"column":3}},"10":{"start":{"line":27,"column":4},"end":{"line":49,"column":5}},"11":{"start":{"line":29,"column":25},"end":{"line":29,"column":62}},"12":{"start":{"line":30,"column":6},"end":{"line":33,"column":7}},"13":{"start":{"line":31,"column":8},"end":{"line":31,"column":38}},"14":{"start":{"line":32,"column":8},"end":{"line":32,"column":15}},"15":{"start":{"line":36,"column":6},"end":{"line":39,"column":9}},"16":{"start":{"line":42,"column":24},"end":{"line":42,"column":45}},"17":{"start":{"line":43,"column":6},"end":{"line":43,"column":87}},"18":{"start":{"line":44,"column":6},"end":{"line":44,"column":35}},"19":{"start":{"line":45,"column":6},"end":{"line":45,"column":30}},"20":{"start":{"line":46,"column":6},"end":{"line":46,"column":27}},"21":{"start":{"line":48,"column":6},"end":{"line":48,"column":39}},"22":{"start":{"line":53,"column":24},"end":{"line":74,"column":3}},"23":{"start":{"line":54,"column":4},"end":{"line":54,"column":27}},"24":{"start":{"line":54,"column":20},"end":{"line":54,"column":27}},"25":{"start":{"line":56,"column":4},"end":{"line":73,"column":5}},"26":{"start":{"line":58,"column":6},"end":{"line":58,"column":43}},"27":{"start":{"line":59,"column":6},"end":{"line":59,"column":28}},"28":{"start":{"line":62,"column":18},"end":{"line":62,"column":36}},"29":{"start":{"line":63,"column":6},"end":{"line":63,"column":25}},"30":{"start":{"line":65,"column":6},"end":{"line":70,"column":7}},"31":{"start":{"line":69,"column":8},"end":{"line":69,"column":31}},"32":{"start":{"line":72,"column":6},"end":{"line":72,"column":39}},"33":{"start":{"line":77,"column":31},"end":{"line":86,"column":3}},"34":{"start":{"line":79,"column":4},"end":{"line":79,"column":28}},"35":{"start":{"line":82,"column":4},"end":{"line":85,"column":13}},"36":{"start":{"line":83,"column":29},"end":{"line":83,"column":46}},"37":{"start":{"line":84,"column":6},"end":{"line":84,"column":33}},"38":{"start":{"line":89,"column":25},"end":{"line":95,"column":3}},"39":{"start":{"line":90,"column":4},"end":{"line":94,"column":5}},"40":{"start":{"line":91,"column":6},"end":{"line":91,"column":22}},"41":{"start":{"line":93,"column":6},"end":{"line":93,"column":23}},"42":{"start":{"line":97,"column":2},"end":{"line":128,"column":4}},"43":{"start":{"line":131,"column":15},"end":{"line":159,"column":2}}},"fnMap":{"0":{"name":"(anonymous_0)","decl":{"start":{"line":12,"column":44},"end":{"line":12,"column":45}},"loc":{"start":{"line":12,"column":67},"end":{"line":129,"column":1}},"line":12},"1":{"name":"(anonymous_1)","decl":{"start":{"line":18,"column":21},"end":{"line":18,"column":22}},"loc":{"start":{"line":18,"column":27},"end":{"line":23,"column":3}},"line":18},"2":{"name":"(anonymous_2)","decl":{"start":{"line":26,"column":25},"end":{"line":26,"column":26}},"loc":{"start":{"line":26,"column":37},"end":{"line":50,"column":3}},"line":26},"3":{"name":"(anonymous_3)","decl":{"start":{"line":53,"column":24},"end":{"line":53,"column":25}},"loc":{"start":{"line":53,"column":36},"end":{"line":74,"column":3}},"line":53},"4":{"name":"(anonymous_4)","decl":{"start":{"line":77,"column":31},"end":{"line":77,"column":32}},"loc":{"start":{"line":77,"column":37},"end":{"line":86,"column":3}},"line":77},"5":{"name":"(anonymous_5)","decl":{"start":{"line":82,"column":15},"end":{"line":82,"column":16}},"loc":{"start":{"line":82,"column":21},"end":{"line":85,"column":5}},"line":82},"6":{"name":"(anonymous_6)","decl":{"start":{"line":89,"column":25},"end":{"line":89,"column":26}},"loc":{"start":{"line":89,"column":31},"end":{"line":95,"column":3}},"line":89}},"branchMap":{"0":{"loc":{"start":{"line":19,"column":4},"end":{"line":19,"column":38}},"type":"if","locations":[{"start":{"line":19,"column":4},"end":{"line":19,"column":38}},{"start":{},"end":{}}],"line":19},"1":{"loc":{"start":{"line":30,"column":6},"end":{"line":33,"column":7}},"type":"if","locations":[{"start":{"line":30,"column":6},"end":{"line":33,"column":7}},{"start":{},"end":{}}],"line":30},"2":{"loc":{"start":{"line":54,"column":4},"end":{"line":54,"column":27}},"type":"if","locations":[{"start":{"line":54,"column":4},"end":{"line":54,"column":27}},{"start":{},"end":{}}],"line":54},"3":{"loc":{"start":{"line":65,"column":6},"end":{"line":70,"column":7}},"type":"if","locations":[{"start":{"line":65,"column":6},"end":{"line":70,"column":7}},{"start":{},"end":{}}],"line":65},"4":{"loc":{"start":{"line":90,"column":4},"end":{"line":94,"column":5}},"type":"if","locations":[{"start":{"line":90,"column":4},"end":{"line":94,"column":5}},{"start":{"line":92,"column":11},"end":{"line":94,"column":5}}],"line":90},"5":{"loc":{"start":{"line":108,"column":16},"end":{"line":108,"column":61}},"type":"cond-expr","locations":[{"start":{"line":108,"column":30},"end":{"line":108,"column":46}},{"start":{"line":108,"column":49},"end":{"line":108,"column":61}}],"line":108},"6":{"loc":{"start":{"line":113,"column":12},"end":{"line":113,"column":49}},"type":"binary-expr","locations":[{"start":{"line":113,"column":12},"end":{"line":113,"column":23}},{"start":{"line":113,"column":27},"end":{"line":113,"column":49}}],"line":113},"7":{"loc":{"start":{"line":115,"column":21},"end":{"line":115,"column":67}},"type":"cond-expr","locations":[{"start":{"line":115,"column":35},"end":{"line":115,"column":44}},{"start":{"line":115,"column":47},"end":{"line":115,"column":67}}],"line":115},"8":{"loc":{"start":{"line":116,"column":18},"end":{"line":116,"column":63}},"type":"cond-expr","locations":[{"start":{"line":116,"column":32},"end":{"line":116,"column":48}},{"start":{"line":116,"column":51},"end":{"line":116,"column":63}}],"line":116}},"s":{"0":0,"1":0,"2":0,"3":0,"4":0,"5":0,"6":0,"7":0,"8":0,"9":0,"10":0,"11":0,"12":0,"13":0,"14":0,"15":0,"16":0,"17":0,"18":0,"19":0,"20":0,"21":0,"22":0,"23":0,"24":0,"25":0,"26":0,"27":0,"28":0,"29":0,"30":0,"31":0,"32":0,"33":0,"34":0,"35":0,"36":0,"37":0,"38":0,"39":0,"40":0,"41":0,"42":0,"43":0},"f":{"0":0,"1":0,"2":0,"3":0,"4":0,"5":0,"6":0},"b":{"0":[0,0],"1":[0,0],"2":[0,0],"3":[0,0],"4":[0,0],"5":[0,0],"6":[0,0],"7":[0,0],"8":[0,0]}}
,"/home/ubuntu/openhands-mobile-app/src/navigation/index.tsx": {"path":"/home/ubuntu/openhands-mobile-app/src/navigation/index.tsx","statementMap":{"0":{"start":{"line":12,"column":14},"end":{"line":12,"column":36}},"1":{"start":{"line":14,"column":19},"end":{"line":29,"column":1}},"2":{"start":{"line":15,"column":2},"end":{"line":28,"column":4}},"3":{"start":{"line":31,"column":12},"end":{"line":39,"column":1}},"4":{"start":{"line":32,"column":2},"end":{"line":38,"column":4}}},"fnMap":{"0":{"name":"(anonymous_0)","decl":{"start":{"line":14,"column":19},"end":{"line":14,"column":20}},"loc":{"start":{"line":14,"column":25},"end":{"line":29,"column":1}},"line":14},"1":{"name":"(anonymous_1)","decl":{"start":{"line":31,"column":12},"end":{"line":31,"column":13}},"loc":{"start":{"line":31,"column":18},"end":{"line":39,"column":1}},"line":31}},"branchMap":{},"s":{"0":0,"1":0,"2":0,"3":0,"4":0},"f":{"0":0,"1":0},"b":{}}
,"/home/ubuntu/openhands-mobile-app/src/screens/ConversationScreen.tsx": {"path":"/home/ubuntu/openhands-mobile-app/src/screens/ConversationScreen.tsx","statementMap":{"0":{"start":{"line":9,"column":12},"end":{"line":9,"column":43}},"1":{"start":{"line":12,"column":22},"end":{"line":19,"column":1}},"2":{"start":{"line":22,"column":16},"end":{"line":69,"column":1}},"3":{"start":{"line":23,"column":34},"end":{"line":23,"column":57}},"4":{"start":{"line":25,"column":28},"end":{"line":46,"column":3}},"5":{"start":{"line":26,"column":4},"end":{"line":26,"column":38}},"6":{"start":{"line":26,"column":31},"end":{"line":26,"column":38}},"7":{"start":{"line":29,"column":23},"end":{"line":33,"column":5}},"8":{"start":{"line":35,"column":4},"end":{"line":35,"column":43}},"9":{"start":{"line":38,"column":4},"end":{"line":45,"column":13}},"10":{"start":{"line":39,"column":25},"end":{"line":43,"column":7}},"11":{"start":{"line":44,"column":6},"end":{"line":44,"column":49}},"12":{"start":{"line":44,"column":26},"end":{"line":44,"column":47}},"13":{"start":{"line":48,"column":24},"end":{"line":55,"column":3}},"14":{"start":{"line":49,"column":4},"end":{"line":54,"column":11}},"15":{"start":{"line":57,"column":2},"end":{"line":68,"column":4}},"16":{"start":{"line":62,"column":30},"end":{"line":62,"column":37}},"17":{"start":{"line":72,"column":17},"end":{"line":76,"column":1}},"18":{"start":{"line":73,"column":2},"end":{"line":75,"column":9}},"19":{"start":{"line":79,"column":20},"end":{"line":83,"column":1}},"20":{"start":{"line":80,"column":2},"end":{"line":82,"column":9}},"21":{"start":{"line":85,"column":27},"end":{"line":114,"column":1}},"22":{"start":{"line":86,"column":28},"end":{"line":86,"column":40}},"23":{"start":{"line":88,"column":2},"end":{"line":113,"column":4}},"24":{"start":{"line":94,"column":25},"end":{"line":94,"column":44}},"25":{"start":{"line":116,"column":15},"end":{"line":162,"column":2}},"26":{"start":{"line":160,"column":20},"end":{"line":160,"column":75}}},"fnMap":{"0":{"name":"(anonymous_0)","decl":{"start":{"line":22,"column":16},"end":{"line":22,"column":17}},"loc":{"start":{"line":22,"column":22},"end":{"line":69,"column":1}},"line":22},"1":{"name":"(anonymous_1)","decl":{"start":{"line":25,"column":28},"end":{"line":25,"column":29}},"loc":{"start":{"line":25,"column":49},"end":{"line":46,"column":3}},"line":25},"2":{"name":"(anonymous_2)","decl":{"start":{"line":38,"column":15},"end":{"line":38,"column":16}},"loc":{"start":{"line":38,"column":21},"end":{"line":45,"column":5}},"line":38},"3":{"name":"(anonymous_3)","decl":{"start":{"line":44,"column":18},"end":{"line":44,"column":19}},"loc":{"start":{"line":44,"column":26},"end":{"line":44,"column":47}},"line":44},"4":{"name":"(anonymous_4)","decl":{"start":{"line":48,"column":24},"end":{"line":48,"column":25}},"loc":{"start":{"line":49,"column":4},"end":{"line":54,"column":11}},"line":49},"5":{"name":"(anonymous_5)","decl":{"start":{"line":62,"column":22},"end":{"line":62,"column":23}},"loc":{"start":{"line":62,"column":30},"end":{"line":62,"column":37}},"line":62},"6":{"name":"(anonymous_6)","decl":{"start":{"line":72,"column":17},"end":{"line":72,"column":18}},"loc":{"start":{"line":73,"column":2},"end":{"line":75,"column":9}},"line":73},"7":{"name":"(anonymous_7)","decl":{"start":{"line":79,"column":20},"end":{"line":79,"column":21}},"loc":{"start":{"line":80,"column":2},"end":{"line":82,"column":9}},"line":80},"8":{"name":"(anonymous_8)","decl":{"start":{"line":85,"column":27},"end":{"line":85,"column":28}},"loc":{"start":{"line":85,"column":59},"end":{"line":114,"column":1}},"line":85},"9":{"name":"(anonymous_9)","decl":{"start":{"line":94,"column":19},"end":{"line":94,"column":20}},"loc":{"start":{"line":94,"column":25},"end":{"line":94,"column":44}},"line":94},"10":{"name":"(anonymous_10)","decl":{"start":{"line":160,"column":11},"end":{"line":160,"column":12}},"loc":{"start":{"line":160,"column":20},"end":{"line":160,"column":75}},"line":160}},"branchMap":{"0":{"loc":{"start":{"line":26,"column":4},"end":{"line":26,"column":38}},"type":"if","locations":[{"start":{"line":26,"column":4},"end":{"line":26,"column":38}},{"start":{},"end":{}}],"line":26},"1":{"loc":{"start":{"line":51,"column":6},"end":{"line":51,"column":68}},"type":"cond-expr","locations":[{"start":{"line":51,"column":31},"end":{"line":51,"column":49}},{"start":{"line":51,"column":52},"end":{"line":51,"column":68}}],"line":51},"2":{"loc":{"start":{"line":160,"column":20},"end":{"line":160,"column":75}},"type":"cond-expr","locations":[{"start":{"line":160,"column":46},"end":{"line":160,"column":55}},{"start":{"line":160,"column":58},"end":{"line":160,"column":75}}],"line":160}},"s":{"0":0,"1":0,"2":0,"3":0,"4":0,"5":0,"6":0,"7":0,"8":0,"9":0,"10":0,"11":0,"12":0,"13":0,"14":0,"15":0,"16":0,"17":0,"18":0,"19":0,"20":0,"21":0,"22":0,"23":0,"24":0,"25":0,"26":0},"f":{"0":0,"1":0,"2":0,"3":0,"4":0,"5":0,"6":0,"7":0,"8":0,"9":0,"10":0},"b":{"0":[0,0],"1":[0,0],"2":[0,0]}}
,"/home/ubuntu/openhands-mobile-app/src/screens/FileBrowserScreen.tsx": {"path":"/home/ubuntu/openhands-mobile-app/src/screens/FileBrowserScreen.tsx","statementMap":{"0":{"start":{"line":8,"column":31},"end":{"line":16,"column":1}},"1":{"start":{"line":19,"column":26},"end":{"line":35,"column":1}},"2":{"start":{"line":41,"column":54},"end":{"line":178,"column":1}},"3":{"start":{"line":42,"column":40},"end":{"line":42,"column":61}},"4":{"start":{"line":43,"column":28},"end":{"line":43,"column":52}},"5":{"start":{"line":44,"column":42},"end":{"line":44,"column":73}},"6":{"start":{"line":45,"column":40},"end":{"line":45,"column":60}},"7":{"start":{"line":46,"column":40},"end":{"line":46,"column":67}},"8":{"start":{"line":49,"column":2},"end":{"line":62,"column":33}},"9":{"start":{"line":51,"column":26},"end":{"line":59,"column":6}},"10":{"start":{"line":52,"column":6},"end":{"line":54,"column":7}},"11":{"start":{"line":53,"column":8},"end":{"line":53,"column":70}},"12":{"start":{"line":55,"column":24},"end":{"line":55,"column":44}},"13":{"start":{"line":56,"column":27},"end":{"line":56,"column":49}},"14":{"start":{"line":57,"column":6},"end":{"line":58,"column":47}},"15":{"start":{"line":61,"column":4},"end":{"line":61,"column":28}},"16":{"start":{"line":65,"column":27},"end":{"line":69,"column":3}},"17":{"start":{"line":67,"column":4},"end":{"line":67,"column":38}},"18":{"start":{"line":68,"column":4},"end":{"line":68,"column":26}},"19":{"start":{"line":72,"column":27},"end":{"line":79,"column":3}},"20":{"start":{"line":73,"column":4},"end":{"line":78,"column":5}},"21":{"start":{"line":74,"column":6},"end":{"line":74,"column":32}},"22":{"start":{"line":75,"column":6},"end":{"line":75,"column":58}},"23":{"start":{"line":75,"column":54},"end":{"line":75,"column":55}},"24":{"start":{"line":77,"column":6},"end":{"line":77,"column":29}},"25":{"start":{"line":82,"column":23},"end":{"line":90,"column":3}},"26":{"start":{"line":83,"column":4},"end":{"line":83,"column":36}},"27":{"start":{"line":83,"column":29},"end":{"line":83,"column":36}},"28":{"start":{"line":85,"column":22},"end":{"line":85,"column":44}},"29":{"start":{"line":86,"column":4},"end":{"line":86,"column":20}},"30":{"start":{"line":87,"column":20},"end":{"line":87,"column":46}},"31":{"start":{"line":88,"column":4},"end":{"line":88,"column":28}},"32":{"start":{"line":89,"column":4},"end":{"line":89,"column":54}},"33":{"start":{"line":89,"column":50},"end":{"line":89,"column":51}},"34":{"start":{"line":93,"column":31},"end":{"line":103,"column":3}},"35":{"start":{"line":94,"column":4},"end":{"line":98,"column":5}},"36":{"start":{"line":95,"column":6},"end":{"line":95,"column":26}},"37":{"start":{"line":96,"column":6},"end":{"line":96,"column":25}},"38":{"start":{"line":97,"column":6},"end":{"line":97,"column":13}},"39":{"start":{"line":100,"column":20},"end":{"line":100,"column":67}},"40":{"start":{"line":101,"column":4},"end":{"line":101,"column":28}},"41":{"start":{"line":102,"column":4},"end":{"line":102,"column":52}},"42":{"start":{"line":106,"column":25},"end":{"line":118,"column":3}},"43":{"start":{"line":107,"column":4},"end":{"line":117,"column":23}},"44":{"start":{"line":109,"column":21},"end":{"line":109,"column":43}},"45":{"start":{"line":121,"column":28},"end":{"line":136,"column":3}},"46":{"start":{"line":122,"column":4},"end":{"line":135,"column":11}},"47":{"start":{"line":123,"column":39},"end":{"line":123,"column":63}},"48":{"start":{"line":128,"column":8},"end":{"line":133,"column":25}},"49":{"start":{"line":130,"column":43},"end":{"line":130,"column":70}},"50":{"start":{"line":138,"column":2},"end":{"line":177,"column":4}},"51":{"start":{"line":161,"column":34},"end":{"line":161,"column":43}},"52":{"start":{"line":180,"column":15},"end":{"line":241,"column":2}}},"fnMap":{"0":{"name":"(anonymous_0)","decl":{"start":{"line":41,"column":54},"end":{"line":41,"column":55}},"loc":{"start":{"line":41,"column":75},"end":{"line":178,"column":1}},"line":41},"1":{"name":"(anonymous_1)","decl":{"start":{"line":49,"column":12},"end":{"line":49,"column":13}},"loc":{"start":{"line":49,"column":18},"end":{"line":62,"column":3}},"line":49},"2":{"name":"(anonymous_2)","decl":{"start":{"line":51,"column":44},"end":{"line":51,"column":45}},"loc":{"start":{"line":51,"column":52},"end":{"line":59,"column":5}},"line":51},"3":{"name":"(anonymous_3)","decl":{"start":{"line":65,"column":27},"end":{"line":65,"column":28}},"loc":{"start":{"line":65,"column":47},"end":{"line":69,"column":3}},"line":65},"4":{"name":"(anonymous_4)","decl":{"start":{"line":72,"column":27},"end":{"line":72,"column":28}},"loc":{"start":{"line":72,"column":47},"end":{"line":79,"column":3}},"line":72},"5":{"name":"(anonymous_5)","decl":{"start":{"line":75,"column":49},"end":{"line":75,"column":50}},"loc":{"start":{"line":75,"column":54},"end":{"line":75,"column":55}},"line":75},"6":{"name":"(anonymous_6)","decl":{"start":{"line":82,"column":23},"end":{"line":82,"column":24}},"loc":{"start":{"line":82,"column":29},"end":{"line":90,"column":3}},"line":82},"7":{"name":"(anonymous_7)","decl":{"start":{"line":89,"column":45},"end":{"line":89,"column":46}},"loc":{"start":{"line":89,"column":50},"end":{"line":89,"column":51}},"line":89},"8":{"name":"(anonymous_8)","decl":{"start":{"line":93,"column":31},"end":{"line":93,"column":32}},"loc":{"start":{"line":93,"column":50},"end":{"line":103,"column":3}},"line":93},"9":{"name":"(anonymous_9)","decl":{"start":{"line":106,"column":25},"end":{"line":106,"column":26}},"loc":{"start":{"line":107,"column":4},"end":{"line":117,"column":23}},"line":107},"10":{"name":"(anonymous_10)","decl":{"start":{"line":109,"column":15},"end":{"line":109,"column":16}},"loc":{"start":{"line":109,"column":21},"end":{"line":109,"column":43}},"line":109},"11":{"name":"(anonymous_11)","decl":{"start":{"line":121,"column":28},"end":{"line":121,"column":29}},"loc":{"start":{"line":122,"column":4},"end":{"line":135,"column":11}},"line":122},"12":{"name":"(anonymous_12)","decl":{"start":{"line":123,"column":33},"end":{"line":123,"column":34}},"loc":{"start":{"line":123,"column":39},"end":{"line":123,"column":63}},"line":123},"13":{"name":"(anonymous_13)","decl":{"start":{"line":127,"column":23},"end":{"line":127,"column":24}},"loc":{"start":{"line":128,"column":8},"end":{"line":133,"column":25}},"line":128},"14":{"name":"(anonymous_14)","decl":{"start":{"line":130,"column":37},"end":{"line":130,"column":38}},"loc":{"start":{"line":130,"column":43},"end":{"line":130,"column":70}},"line":130},"15":{"name":"(anonymous_15)","decl":{"start":{"line":161,"column":26},"end":{"line":161,"column":27}},"loc":{"start":{"line":161,"column":34},"end":{"line":161,"column":43}},"line":161}},"branchMap":{"0":{"loc":{"start":{"line":52,"column":6},"end":{"line":54,"column":7}},"type":"if","locations":[{"start":{"line":52,"column":6},"end":{"line":54,"column":7}},{"start":{},"end":{}}],"line":52},"1":{"loc":{"start":{"line":53,"column":15},"end":{"line":53,"column":69}},"type":"binary-expr","locations":[{"start":{"line":53,"column":15},"end":{"line":53,"column":48}},{"start":{"line":53,"column":52},"end":{"line":53,"column":69}}],"line":53},"2":{"loc":{"start":{"line":57,"column":13},"end":{"line":58,"column":46}},"type":"binary-expr","locations":[{"start":{"line":57,"column":13},"end":{"line":57,"column":57}},{"start":{"line":58,"column":13},"end":{"line":58,"column":46}}],"line":57},"3":{"loc":{"start":{"line":73,"column":4},"end":{"line":78,"column":5}},"type":"if","locations":[{"start":{"line":73,"column":4},"end":{"line":78,"column":5}},{"start":{"line":76,"column":11},"end":{"line":78,"column":5}}],"line":73},"4":{"loc":{"start":{"line":83,"column":4},"end":{"line":83,"column":36}},"type":"if","locations":[{"start":{"line":83,"column":4},"end":{"line":83,"column":36}},{"start":{},"end":{}}],"line":83},"5":{"loc":{"start":{"line":87,"column":20},"end":{"line":87,"column":46}},"type":"binary-expr","locations":[{"start":{"line":87,"column":20},"end":{"line":87,"column":39}},{"start":{"line":87,"column":43},"end":{"line":87,"column":46}}],"line":87},"6":{"loc":{"start":{"line":94,"column":4},"end":{"line":98,"column":5}},"type":"if","locations":[{"start":{"line":94,"column":4},"end":{"line":98,"column":5}},{"start":{},"end":{}}],"line":94},"7":{"loc":{"start":{"line":112,"column":14},"end":{"line":112,"column":76}},"type":"cond-expr","locations":[{"start":{"line":112,"column":42},"end":{"line":112,"column":50}},{"start":{"line":112,"column":53},"end":{"line":112,"column":76}}],"line":112},"8":{"loc":{"start":{"line":114,"column":19},"end":{"line":114,"column":68}},"type":"cond-expr","locations":[{"start":{"line":114,"column":47},"end":{"line":114,"column":56}},{"start":{"line":114,"column":59},"end":{"line":114,"column":68}}],"line":114},"9":{"loc":{"start":{"line":129,"column":11},"end":{"line":129,"column":75}},"type":"binary-expr","locations":[{"start":{"line":129,"column":11},"end":{"line":129,"column":20}},{"start":{"line":129,"column":24},"end":{"line":129,"column":75}}],"line":129},"10":{"loc":{"start":{"line":144,"column":11},"end":{"line":156,"column":11}},"type":"binary-expr","locations":[{"start":{"line":144,"column":11},"end":{"line":144,"column":30}},{"start":{"line":145,"column":12},"end":{"line":155,"column":31}}],"line":144},"11":{"loc":{"start":{"line":165,"column":9},"end":{"line":174,"column":9}},"type":"binary-expr","locations":[{"start":{"line":165,"column":9},"end":{"line":165,"column":21}},{"start":{"line":166,"column":10},"end":{"line":173,"column":17}}],"line":165}},"s":{"0":0,"1":0,"2":0,"3":0,"4":0,"5":0,"6":0,"7":0,"8":0,"9":0,"10":0,"11":0,"12":0,"13":0,"14":0,"15":0,"16":0,"17":0,"18":0,"19":0,"20":0,"21":0,"22":0,"23":0,"24":0,"25":0,"26":0,"27":0,"28":0,"29":0,"30":0,"31":0,"32":0,"33":0,"34":0,"35":0,"36":0,"37":0,"38":0,"39":0,"40":0,"41":0,"42":0,"43":0,"44":0,"45":0,"46":0,"47":0,"48":0,"49":0,"50":0,"51":0,"52":0},"f":{"0":0,"1":0,"2":0,"3":0,"4":0,"5":0,"6":0,"7":0,"8":0,"9":0,"10":0,"11":0,"12":0,"13":0,"14":0,"15":0},"b":{"0":[0,0],"1":[0,0],"2":[0,0],"3":[0,0],"4":[0,0],"5":[0,0],"6":[0,0],"7":[0,0],"8":[0,0],"9":[0,0],"10":[0,0],"11":[0,0]}}
,"/home/ubuntu/openhands-mobile-app/src/screens/HomeScreen.tsx": {"path":"/home/ubuntu/openhands-mobile-app/src/screens/HomeScreen.tsx","statementMap":{"0":{"start":{"line":11,"column":37},"end":{"line":17,"column":1}},"1":{"start":{"line":19,"column":19},"end":{"line":88,"column":1}},"2":{"start":{"line":20,"column":40},"end":{"line":20,"column":58}},"3":{"start":{"line":21,"column":38},"end":{"line":21,"column":82}},"4":{"start":{"line":22,"column":27},"end":{"line":22,"column":72}},"5":{"start":{"line":22,"column":61},"end":{"line":22,"column":71}},"6":{"start":{"line":25,"column":25},"end":{"line":35,"column":3}},"7":{"start":{"line":26,"column":4},"end":{"line":26,"column":26}},"8":{"start":{"line":27,"column":4},"end":{"line":34,"column":5}},"9":{"start":{"line":28,"column":6},"end":{"line":28,"column":37}},"10":{"start":{"line":30,"column":23},"end":{"line":32,"column":7}},"11":{"start":{"line":31,"column":8},"end":{"line":31,"column":66}},"12":{"start":{"line":33,"column":6},"end":{"line":33,"column":30}},"13":{"start":{"line":38,"column":32},"end":{"line":41,"column":3}},"14":{"start":{"line":40,"column":4},"end":{"line":40,"column":40}},"15":{"start":{"line":44,"column":32},"end":{"line":47,"column":3}},"16":{"start":{"line":46,"column":4},"end":{"line":46,"column":102}},"17":{"start":{"line":50,"column":30},"end":{"line":58,"column":3}},"18":{"start":{"line":51,"column":4},"end":{"line":57,"column":23}},"19":{"start":{"line":53,"column":21},"end":{"line":53,"column":48}},"20":{"start":{"line":60,"column":2},"end":{"line":87,"column":4}},"21":{"start":{"line":76,"column":30},"end":{"line":76,"column":37}},"22":{"start":{"line":90,"column":15},"end":{"line":143,"column":2}}},"fnMap":{"0":{"name":"(anonymous_0)","decl":{"start":{"line":19,"column":19},"end":{"line":19,"column":20}},"loc":{"start":{"line":19,"column":44},"end":{"line":88,"column":1}},"line":19},"1":{"name":"(anonymous_1)","decl":{"start":{"line":22,"column":39},"end":{"line":22,"column":40}},"loc":{"start":{"line":22,"column":61},"end":{"line":22,"column":71}},"line":22},"2":{"name":"(anonymous_2)","decl":{"start":{"line":25,"column":25},"end":{"line":25,"column":26}},"loc":{"start":{"line":25,"column":44},"end":{"line":35,"column":3}},"line":25},"3":{"name":"(anonymous_3)","decl":{"start":{"line":30,"column":46},"end":{"line":30,"column":47}},"loc":{"start":{"line":31,"column":8},"end":{"line":31,"column":66}},"line":31},"4":{"name":"(anonymous_4)","decl":{"start":{"line":38,"column":32},"end":{"line":38,"column":33}},"loc":{"start":{"line":38,"column":38},"end":{"line":41,"column":3}},"line":38},"5":{"name":"(anonymous_5)","decl":{"start":{"line":44,"column":32},"end":{"line":44,"column":33}},"loc":{"start":{"line":44,"column":58},"end":{"line":47,"column":3}},"line":44},"6":{"name":"(anonymous_6)","decl":{"start":{"line":50,"column":30},"end":{"line":50,"column":31}},"loc":{"start":{"line":51,"column":4},"end":{"line":57,"column":23}},"line":51},"7":{"name":"(anonymous_7)","decl":{"start":{"line":53,"column":15},"end":{"line":53,"column":16}},"loc":{"start":{"line":53,"column":21},"end":{"line":53,"column":48}},"line":53},"8":{"name":"(anonymous_8)","decl":{"start":{"line":76,"column":22},"end":{"line":76,"column":23}},"loc":{"start":{"line":76,"column":30},"end":{"line":76,"column":37}},"line":76}},"branchMap":{"0":{"loc":{"start":{"line":27,"column":4},"end":{"line":34,"column":5}},"type":"if","locations":[{"start":{"line":27,"column":4},"end":{"line":34,"column":5}},{"start":{"line":29,"column":11},"end":{"line":34,"column":5}}],"line":27}},"s":{"0":0,"1":0,"2":0,"3":0,"4":0,"5":0,"6":0,"7":0,"8":0,"9":0,"10":0,"11":0,"12":0,"13":0,"14":0,"15":0,"16":0,"17":0,"18":0,"19":0,"20":0,"21":0,"22":0},"f":{"0":0,"1":0,"2":0,"3":0,"4":0,"5":0,"6":0,"7":0,"8":0},"b":{"0":[0,0]}}
,"/home/ubuntu/openhands-mobile-app/src/screens/ServerConnectionScreen.tsx": {"path":"/home/ubuntu/openhands-mobile-app/src/screens/ServerConnectionScreen.tsx","statementMap":{"0":{"start":{"line":11,"column":31},"end":{"line":84,"column":1}},"1":{"start":{"line":12,"column":36},"end":{"line":12,"column":54}},"2":{"start":{"line":13,"column":19},"end":{"line":13,"column":32}},"3":{"start":{"line":14,"column":34},"end":{"line":14,"column":79}},"4":{"start":{"line":14,"column":68},"end":{"line":14,"column":78}},"5":{"start":{"line":16,"column":24},"end":{"line":42,"column":3}},"6":{"start":{"line":17,"column":4},"end":{"line":19,"column":5}},"7":{"start":{"line":18,"column":6},"end":{"line":18,"column":13}},"8":{"start":{"line":22,"column":14},"end":{"line":22,"column":30}},"9":{"start":{"line":23,"column":4},"end":{"line":25,"column":5}},"10":{"start":{"line":24,"column":6},"end":{"line":24,"column":28}},"11":{"start":{"line":27,"column":4},"end":{"line":27,"column":29}},"12":{"start":{"line":29,"column":4},"end":{"line":41,"column":5}},"13":{"start":{"line":30,"column":26},"end":{"line":30,"column":57}},"14":{"start":{"line":32,"column":6},"end":{"line":38,"column":7}},"15":{"start":{"line":33,"column":8},"end":{"line":33,"column":43}},"16":{"start":{"line":34,"column":8},"end":{"line":34,"column":42}},"17":{"start":{"line":35,"column":8},"end":{"line":35,"column":36}},"18":{"start":{"line":37,"column":8},"end":{"line":37,"column":66}},"19":{"start":{"line":40,"column":6},"end":{"line":40,"column":96}},"20":{"start":{"line":44,"column":2},"end":{"line":83,"column":4}},"21":{"start":{"line":86,"column":15},"end":{"line":145,"column":2}}},"fnMap":{"0":{"name":"(anonymous_0)","decl":{"start":{"line":11,"column":31},"end":{"line":11,"column":32}},"loc":{"start":{"line":11,"column":56},"end":{"line":84,"column":1}},"line":11},"1":{"name":"(anonymous_1)","decl":{"start":{"line":14,"column":46},"end":{"line":14,"column":47}},"loc":{"start":{"line":14,"column":68},"end":{"line":14,"column":78}},"line":14},"2":{"name":"(anonymous_2)","decl":{"start":{"line":16,"column":24},"end":{"line":16,"column":25}},"loc":{"start":{"line":16,"column":36},"end":{"line":42,"column":3}},"line":16}},"branchMap":{"0":{"loc":{"start":{"line":17,"column":4},"end":{"line":19,"column":5}},"type":"if","locations":[{"start":{"line":17,"column":4},"end":{"line":19,"column":5}},{"start":{},"end":{}}],"line":17},"1":{"loc":{"start":{"line":23,"column":4},"end":{"line":25,"column":5}},"type":"if","locations":[{"start":{"line":23,"column":4},"end":{"line":25,"column":5}},{"start":{},"end":{}}],"line":23},"2":{"loc":{"start":{"line":23,"column":8},"end":{"line":23,"column":65}},"type":"binary-expr","locations":[{"start":{"line":23,"column":8},"end":{"line":23,"column":34}},{"start":{"line":23,"column":38},"end":{"line":23,"column":65}}],"line":23},"3":{"loc":{"start":{"line":32,"column":6},"end":{"line":38,"column":7}},"type":"if","locations":[{"start":{"line":32,"column":6},"end":{"line":38,"column":7}},{"start":{"line":36,"column":13},"end":{"line":38,"column":7}}],"line":32},"4":{"loc":{"start":{"line":40,"column":43},"end":{"line":40,"column":92}},"type":"cond-expr","locations":[{"start":{"line":40,"column":68},"end":{"line":40,"column":81}},{"start":{"line":40,"column":84},"end":{"line":40,"column":92}}],"line":40},"5":{"loc":{"start":{"line":70,"column":11},"end":{"line":74,"column":11}},"type":"cond-expr","locations":[{"start":{"line":71,"column":12},"end":{"line":71,"column":46}},{"start":{"line":73,"column":12},"end":{"line":73,"column":58}}],"line":70},"6":{"loc":{"start":{"line":79,"column":11},"end":{"line":79,"column":65}},"type":"binary-expr","locations":[{"start":{"line":79,"column":11},"end":{"line":79,"column":16}},{"start":{"line":79,"column":20},"end":{"line":79,"column":65}}],"line":79}},"s":{"0":0,"1":0,"2":0,"3":0,"4":0,"5":0,"6":0,"7":0,"8":0,"9":0,"10":0,"11":0,"12":0,"13":0,"14":0,"15":0,"16":0,"17":0,"18":0,"19":0,"20":0,"21":0},"f":{"0":0,"1":0,"2":0},"b":{"0":[0,0],"1":[0,0],"2":[0,0],"3":[0,0],"4":[0,0],"5":[0,0],"6":[0,0]}}
,"/home/ubuntu/openhands-mobile-app/src/screens/TerminalScreen.tsx": {"path":"/home/ubuntu/openhands-mobile-app/src/screens/TerminalScreen.tsx","statementMap":{"0":{"start":{"line":10,"column":54},"end":{"line":112,"column":1}},"1":{"start":{"line":11,"column":46},"end":{"line":17,"column":4}},"2":{"start":{"line":18,"column":46},"end":{"line":18,"column":66}},"3":{"start":{"line":19,"column":40},"end":{"line":19,"column":71}},"4":{"start":{"line":22,"column":25},"end":{"line":60,"column":3}},"5":{"start":{"line":24,"column":23},"end":{"line":24,"column":87}},"6":{"start":{"line":27,"column":19},"end":{"line":27,"column":21}},"7":{"start":{"line":29,"column":4},"end":{"line":51,"column":5}},"8":{"start":{"line":30,"column":6},"end":{"line":30,"column":51}},"9":{"start":{"line":31,"column":11},"end":{"line":51,"column":5}},"10":{"start":{"line":32,"column":21},"end":{"line":32,"column":41}},"11":{"start":{"line":33,"column":6},"end":{"line":37,"column":7}},"12":{"start":{"line":34,"column":8},"end":{"line":34,"column":28}},"13":{"start":{"line":36,"column":8},"end":{"line":36,"column":51}},"14":{"start":{"line":38,"column":11},"end":{"line":51,"column":5}},"15":{"start":{"line":39,"column":23},"end":{"line":39,"column":43}},"16":{"start":{"line":40,"column":6},"end":{"line":40,"column":87}},"17":{"start":{"line":41,"column":11},"end":{"line":51,"column":5}},"18":{"start":{"line":42,"column":6},"end":{"line":42,"column":61}},"19":{"start":{"line":43,"column":11},"end":{"line":51,"column":5}},"20":{"start":{"line":44,"column":6},"end":{"line":44,"column":69}},"21":{"start":{"line":45,"column":11},"end":{"line":51,"column":5}},"22":{"start":{"line":46,"column":6},"end":{"line":46,"column":28}},"23":{"start":{"line":47,"column":6},"end":{"line":47,"column":28}},"24":{"start":{"line":48,"column":6},"end":{"line":48,"column":13}},"25":{"start":{"line":50,"column":6},"end":{"line":50,"column":49}},"26":{"start":{"line":54,"column":4},"end":{"line":56,"column":5}},"27":{"start":{"line":55,"column":6},"end":{"line":55,"column":32}},"28":{"start":{"line":58,"column":4},"end":{"line":58,"column":34}},"29":{"start":{"line":59,"column":4},"end":{"line":59,"column":26}},"30":{"start":{"line":63,"column":22},"end":{"line":71,"column":3}},"31":{"start":{"line":64,"column":35},"end":{"line":64,"column":75}},"32":{"start":{"line":64,"column":61},"end":{"line":64,"column":74}},"33":{"start":{"line":65,"column":36},"end":{"line":65,"column":63}},"34":{"start":{"line":66,"column":35},"end":{"line":66,"column":61}},"35":{"start":{"line":67,"column":33},"end":{"line":67,"column":58}},"36":{"start":{"line":68,"column":33},"end":{"line":68,"column":60}},"37":{"start":{"line":69,"column":33},"end":{"line":69,"column":60}},"38":{"start":{"line":70,"column":33},"end":{"line":70,"column":61}},"39":{"start":{"line":73,"column":2},"end":{"line":111,"column":4}},"40":{"start":{"line":80,"column":10},"end":{"line":82,"column":17}},"41":{"start":{"line":92,"column":33},"end":{"line":92,"column":63}},"42":{"start":{"line":101,"column":10},"end":{"line":107,"column":12}},"43":{"start":{"line":104,"column":24},"end":{"line":104,"column":78}},"44":{"start":{"line":114,"column":15},"end":{"line":164,"column":2}}},"fnMap":{"0":{"name":"(anonymous_0)","decl":{"start":{"line":10,"column":54},"end":{"line":10,"column":55}},"loc":{"start":{"line":10,"column":75},"end":{"line":112,"column":1}},"line":10},"1":{"name":"(anonymous_1)","decl":{"start":{"line":22,"column":25},"end":{"line":22,"column":26}},"loc":{"start":{"line":22,"column":46},"end":{"line":60,"column":3}},"line":22},"2":{"name":"(anonymous_2)","decl":{"start":{"line":64,"column":29},"end":{"line":64,"column":30}},"loc":{"start":{"line":64,"column":35},"end":{"line":64,"column":75}},"line":64},"3":{"name":"(anonymous_3)","decl":{"start":{"line":64,"column":53},"end":{"line":64,"column":54}},"loc":{"start":{"line":64,"column":61},"end":{"line":64,"column":74}},"line":64},"4":{"name":"(anonymous_4)","decl":{"start":{"line":65,"column":30},"end":{"line":65,"column":31}},"loc":{"start":{"line":65,"column":36},"end":{"line":65,"column":63}},"line":65},"5":{"name":"(anonymous_5)","decl":{"start":{"line":66,"column":29},"end":{"line":66,"column":30}},"loc":{"start":{"line":66,"column":35},"end":{"line":66,"column":61}},"line":66},"6":{"name":"(anonymous_6)","decl":{"start":{"line":67,"column":27},"end":{"line":67,"column":28}},"loc":{"start":{"line":67,"column":33},"end":{"line":67,"column":58}},"line":67},"7":{"name":"(anonymous_7)","decl":{"start":{"line":68,"column":27},"end":{"line":68,"column":28}},"loc":{"start":{"line":68,"column":33},"end":{"line":68,"column":60}},"line":68},"8":{"name":"(anonymous_8)","decl":{"start":{"line":69,"column":27},"end":{"line":69,"column":28}},"loc":{"start":{"line":69,"column":33},"end":{"line":69,"column":60}},"line":69},"9":{"name":"(anonymous_9)","decl":{"start":{"line":70,"column":27},"end":{"line":70,"column":28}},"loc":{"start":{"line":70,"column":33},"end":{"line":70,"column":61}},"line":70},"10":{"name":"(anonymous_10)","decl":{"start":{"line":79,"column":28},"end":{"line":79,"column":29}},"loc":{"start":{"line":80,"column":10},"end":{"line":82,"column":17}},"line":80},"11":{"name":"(anonymous_11)","decl":{"start":{"line":92,"column":27},"end":{"line":92,"column":28}},"loc":{"start":{"line":92,"column":33},"end":{"line":92,"column":63}},"line":92},"12":{"name":"(anonymous_12)","decl":{"start":{"line":100,"column":25},"end":{"line":100,"column":26}},"loc":{"start":{"line":101,"column":10},"end":{"line":107,"column":12}},"line":101},"13":{"name":"(anonymous_13)","decl":{"start":{"line":104,"column":18},"end":{"line":104,"column":19}},"loc":{"start":{"line":104,"column":24},"end":{"line":104,"column":78}},"line":104}},"branchMap":{"0":{"loc":{"start":{"line":29,"column":4},"end":{"line":51,"column":5}},"type":"if","locations":[{"start":{"line":29,"column":4},"end":{"line":51,"column":5}},{"start":{"line":31,"column":11},"end":{"line":51,"column":5}}],"line":29},"1":{"loc":{"start":{"line":31,"column":11},"end":{"line":51,"column":5}},"type":"if","locations":[{"start":{"line":31,"column":11},"end":{"line":51,"column":5}},{"start":{"line":38,"column":11},"end":{"line":51,"column":5}}],"line":31},"2":{"loc":{"start":{"line":33,"column":6},"end":{"line":37,"column":7}},"type":"if","locations":[{"start":{"line":33,"column":6},"end":{"line":37,"column":7}},{"start":{"line":35,"column":13},"end":{"line":37,"column":7}}],"line":33},"3":{"loc":{"start":{"line":38,"column":11},"end":{"line":51,"column":5}},"type":"if","locations":[{"start":{"line":38,"column":11},"end":{"line":51,"column":5}},{"start":{"line":41,"column":11},"end":{"line":51,"column":5}}],"line":38},"4":{"loc":{"start":{"line":41,"column":11},"end":{"line":51,"column":5}},"type":"if","locations":[{"start":{"line":41,"column":11},"end":{"line":51,"column":5}},{"start":{"line":43,"column":11},"end":{"line":51,"column":5}}],"line":41},"5":{"loc":{"start":{"line":43,"column":11},"end":{"line":51,"column":5}},"type":"if","locations":[{"start":{"line":43,"column":11},"end":{"line":51,"column":5}},{"start":{"line":45,"column":11},"end":{"line":51,"column":5}}],"line":43},"6":{"loc":{"start":{"line":45,"column":11},"end":{"line":51,"column":5}},"type":"if","locations":[{"start":{"line":45,"column":11},"end":{"line":51,"column":5}},{"start":{"line":49,"column":11},"end":{"line":51,"column":5}}],"line":45},"7":{"loc":{"start":{"line":54,"column":4},"end":{"line":56,"column":5}},"type":"if","locations":[{"start":{"line":54,"column":4},"end":{"line":56,"column":5}},{"start":{},"end":{}}],"line":54},"8":{"loc":{"start":{"line":76,"column":16},"end":{"line":76,"column":60}},"type":"cond-expr","locations":[{"start":{"line":76,"column":40},"end":{"line":76,"column":49}},{"start":{"line":76,"column":52},"end":{"line":76,"column":60}}],"line":76}},"s":{"0":0,"1":0,"2":0,"3":0,"4":0,"5":0,"6":0,"7":0,"8":0,"9":0,"10":0,"11":0,"12":0,"13":0,"14":0,"15":0,"16":0,"17":0,"18":0,"19":0,"20":0,"21":0,"22":0,"23":0,"24":0,"25":0,"26":0,"27":0,"28":0,"29":0,"30":0,"31":0,"32":0,"33":0,"34":0,"35":0,"36":0,"37":0,"38":0,"39":0,"40":0,"41":0,"42":0,"43":0,"44":0},"f":{"0":0,"1":0,"2":0,"3":0,"4":0,"5":0,"6":0,"7":0,"8":0,"9":0,"10":0,"11":0,"12":0,"13":0},"b":{"0":[0,0],"1":[0,0],"2":[0,0],"3":[0,0],"4":[0,0],"5":[0,0],"6":[0,0],"7":[0,0],"8":[0,0]}}
,"/home/ubuntu/openhands-mobile-app/src/store/authSlice.ts": {"path":"/home/ubuntu/openhands-mobile-app/src/store/authSlice.ts","statementMap":{"0":{"start":{"line":11,"column":32},"end":{"line":16,"column":1}},"1":{"start":{"line":18,"column":18},"end":{"line":42,"column":2}},"2":{"start":{"line":23,"column":6},"end":{"line":23,"column":32}},"3":{"start":{"line":24,"column":6},"end":{"line":24,"column":25}},"4":{"start":{"line":27,"column":6},"end":{"line":27,"column":31}},"5":{"start":{"line":28,"column":6},"end":{"line":28,"column":33}},"6":{"start":{"line":29,"column":6},"end":{"line":29,"column":42}},"7":{"start":{"line":30,"column":6},"end":{"line":30,"column":25}},"8":{"start":{"line":33,"column":6},"end":{"line":33,"column":32}},"9":{"start":{"line":34,"column":6},"end":{"line":34,"column":33}},"10":{"start":{"line":35,"column":6},"end":{"line":35,"column":35}},"11":{"start":{"line":38,"column":6},"end":{"line":38,"column":32}},"12":{"start":{"line":39,"column":6},"end":{"line":39,"column":32}},"13":{"start":{"line":44,"column":76},"end":{"line":44,"column":93}}},"fnMap":{"0":{"name":"(anonymous_0)","decl":{"start":{"line":22,"column":4},"end":{"line":22,"column":5}},"loc":{"start":{"line":22,"column":24},"end":{"line":25,"column":5}},"line":22},"1":{"name":"(anonymous_1)","decl":{"start":{"line":26,"column":4},"end":{"line":26,"column":5}},"loc":{"start":{"line":26,"column":63},"end":{"line":31,"column":5}},"line":26},"2":{"name":"(anonymous_2)","decl":{"start":{"line":32,"column":4},"end":{"line":32,"column":5}},"loc":{"start":{"line":32,"column":57},"end":{"line":36,"column":5}},"line":32},"3":{"name":"(anonymous_3)","decl":{"start":{"line":37,"column":4},"end":{"line":37,"column":5}},"loc":{"start":{"line":37,"column":22},"end":{"line":40,"column":5}},"line":37}},"branchMap":{},"s":{"0":0,"1":0,"2":0,"3":0,"4":0,"5":0,"6":0,"7":0,"8":0,"9":0,"10":0,"11":0,"12":0,"13":0},"f":{"0":0,"1":0,"2":0,"3":0},"b":{}}
,"/home/ubuntu/openhands-mobile-app/src/store/index.ts": {"path":"/home/ubuntu/openhands-mobile-app/src/store/index.ts","statementMap":{"0":{"start":{"line":4,"column":21},"end":{"line":8,"column":2}}},"fnMap":{},"branchMap":{},"s":{"0":0},"f":{},"b":{}}
,"/home/ubuntu/openhands-mobile-app/src/theme/theme.ts": {"path":"/home/ubuntu/openhands-mobile-app/src/theme/theme.ts","statementMap":{"0":{"start":{"line":3,"column":21},"end":{"line":31,"column":1}}},"fnMap":{},"branchMap":{},"s":{"0":0},"f":{},"b":{}}
}
